#
# There is insufficient memory for the Java Runtime Environment to continue.
# Native memory allocation (mmap) failed to map 268435456 bytes for G1 virtual space
# Possible reasons:
#   The system is out of physical RAM or swap space
#   The process is running with CompressedOops enabled, and the Java Heap may be blocking the growth of the native heap
# Possible solutions:
#   Reduce memory load on the system
#   Increase physical memory or swap space
#   Check if swap backing store is full
#   Decrease Java heap size (-Xmx/-Xms)
#   Decrease number of Java threads
#   Decrease Java thread stack sizes (-Xss)
#   Set larger code cache with -XX:ReservedCodeCacheSize=
#   JVM is running with Zero Based Compressed Oops mode in which the Java heap is
#     placed in the first 32GB address space. The Java Heap base address is the
#     maximum limit for the native heap growth. Please use -XX:HeapBaseMinAddress
#     to set the Java Heap base and to place the Java Heap above 32GB virtual address.
# This output file may be truncated or incomplete.
#
#  Out of Memory Error (./open/src/hotspot/os/windows/os_windows.cpp:3472), pid=9880, tid=15824
#
# JRE version:  (15.0.1+9) (build )
# Java VM: Java HotSpot(TM) 64-Bit Server VM (15.0.1+9-18, mixed mode, sharing, tiered, compressed oops, g1 gc, windows-amd64)
# No core dump will be written. Minidumps are not enabled by default on client versions of Windows
#

---------------  S U M M A R Y ------------

Command Line: -Dfile.encoding=UTF-8 -XX:+ShowCodeDetailsInExceptionMessages fr.clelia.jade2.Jade2Application

Host: Intel(R) Pentium(R) CPU G630 @ 2.70GHz, 2 cores, 15G,  Windows 10 , 64 bit Build 18362 (10.0.18362.1350)
Time: Mon Apr 12 10:33:18 2021 Paris, Madrid (heure d?été) elapsed time: 0.029338 seconds (0d 0h 0m 0s)

---------------  T H R E A D  ---------------

Current thread (0x0000018e5fdcdd00):  JavaThread "Unknown thread" [_thread_in_vm, id=15824, stack(0x0000007cd2e00000,0x0000007cd2f00000)]

Stack: [0x0000007cd2e00000,0x0000007cd2f00000]
Native frames: (J=compiled Java code, j=interpreted, Vv=VM code, C=native code)
V  [jvm.dll+0x62ae9a]
V  [jvm.dll+0x781389]
V  [jvm.dll+0x782ae3]
V  [jvm.dll+0x783143]
V  [jvm.dll+0x216265]
V  [jvm.dll+0x6281d9]
V  [jvm.dll+0x61cd15]
V  [jvm.dll+0x2d01fd]
V  [jvm.dll+0x2d0062]
V  [jvm.dll+0x2d603c]
V  [jvm.dll+0x325b2a]
V  [jvm.dll+0x3251f4]
V  [jvm.dll+0x2a717a]
V  [jvm.dll+0x2a8318]
V  [jvm.dll+0x75e101]
V  [jvm.dll+0x3343e4]
V  [jvm.dll+0x73e826]
V  [jvm.dll+0x3b7777]
V  [jvm.dll+0x3b9201]
C  [jli.dll+0x52fb]
C  [ucrtbase.dll+0x210b2]
C  [KERNEL32.DLL+0x17c24]
C  [ntdll.dll+0x6d721]


---------------  P R O C E S S  ---------------

Threads class SMR info:
_java_thread_list=0x00007ffe34f74ff0, length=0, elements={
}

Java Threads: ( => current thread )

Other Threads:
  0x0000018e5fe1b3d0 GCTaskThread "GC Thread#0" [stack: 0x0000007cd2f00000,0x0000007cd3000000] [id=7024]
  0x0000018e5fe2d670 ConcurrentGCThread "G1 Main Marker" [stack: 0x0000007cd3000000,0x0000007cd3100000] [id=15684]
  0x0000018e5fe2ebc0 ConcurrentGCThread "G1 Conc#0" [stack: 0x0000007cd3100000,0x0000007cd3200000] [id=18840]

[error occurred during error reporting (printing all threads), id 0xc0000005, EXCEPTION_ACCESS_VIOLATION (0xc0000005) at pc=0x00007ffe34768047]

VM state: not at safepoint (not fully initialized)

VM Mutex/Monitor currently owned by a thread:  ([mutex/lock_event])
[0x0000018e5fdcab40] Heap_lock - owner thread: 0x0000018e5fdcdd00

Heap address: 0x0000000700400000, size: 4092 MB, Compressed Oops mode: Zero based, Oop shift amount: 3
CDS archive(s) mapped at: [0x0000000000000000-0x0000000000000000-0x0000000000000000), size 0, SharedBaseAddress: 0x0000000800000000, ArchiveRelocationMode: 0.
Narrow klass base: 0x0000000000000000, Narrow klass shift: 0, Narrow klass range: 0x0

Heap:
 garbage-first heap   total 262144K, used 0K [0x0000000700400000, 0x0000000800000000)
  region size 2048K, 0 young (0K), 0 survivors (0K)
 Metaspace       used 0K, capacity 0K, committed 0K, reserved 0K
  class space    used 0K, capacity 0K, committed 0K, reserved 0K

Heap Regions: E=young(eden), S=young(survivor), O=old, HS=humongous(starts), HC=humongous(continues), CS=collection set, F=free, OA=open archive, CA=closed archive, TAMS=top-at-mark-start (previous, next)

Card table byte_map: [0x0000018e777f0000,0x0000018e77ff0000] _byte_map_base: 0x0000018e73fee000

Marking Bits (Prev, Next): (CMBitMap*) 0x0000018e5fe1cc50, (CMBitMap*) 0x0000018e5fe1cc90
 Prev Bits: [0x0000018e787f0000, 0x0000018e7c7e0000)
 Next Bits: [0x0000018e00000000, 0x0000018e03ff0000)

GC Heap History (0 events):
No events

Deoptimization events (0 events):
No events

Classes unloaded (0 events):
No events

Classes redefined (0 events):
No events

Internal exceptions (0 events):
No events

Events (1 events):
Event: 0.009 Loaded shared library C:\Program Files\Java\jdk-15.0.1\bin\java.dll


Dynamic libraries:
0x00007ff7c57e0000 - 0x00007ff7c57ef000 	C:\Program Files\Java\jdk-15.0.1\bin\javaw.exe
0x00007ffe83220000 - 0x00007ffe83410000 	C:\Windows\SYSTEM32\ntdll.dll
0x00007ffe82840000 - 0x00007ffe828f2000 	C:\Windows\System32\KERNEL32.DLL
0x00007ffe80c90000 - 0x00007ffe80f35000 	C:\Windows\System32\KERNELBASE.dll
0x00007ffe80410000 - 0x00007ffe8050a000 	C:\Windows\System32\ucrtbase.dll
0x00007ffe6cab0000 - 0x00007ffe6cac8000 	C:\Program Files\Java\jdk-15.0.1\bin\jli.dll
0x00007ffe82a50000 - 0x00007ffe82af3000 	C:\Windows\System32\ADVAPI32.dll
0x00007ffe82900000 - 0x00007ffe8299e000 	C:\Windows\System32\msvcrt.dll
0x00007ffe82070000 - 0x00007ffe82107000 	C:\Windows\System32\sechost.dll
0x00007ffe81cc0000 - 0x00007ffe81ddf000 	C:\Windows\System32\RPCRT4.dll
0x00007ffe81ea0000 - 0x00007ffe82034000 	C:\Windows\System32\USER32.dll
0x00007ffe80190000 - 0x00007ffe801b1000 	C:\Windows\System32\win32u.dll
0x00007ffe82e10000 - 0x00007ffe82e36000 	C:\Windows\System32\GDI32.dll
0x00007ffe801c0000 - 0x00007ffe80358000 	C:\Windows\System32\gdi32full.dll
0x00007ffe80ff0000 - 0x00007ffe8108e000 	C:\Windows\System32\msvcp_win.dll
0x00007ffe6cad0000 - 0x00007ffe6cae9000 	C:\Program Files\Java\jdk-15.0.1\bin\VCRUNTIME140.dll
0x00007ffe728d0000 - 0x00007ffe72b54000 	C:\Windows\WinSxS\amd64_microsoft.windows.common-controls_6595b64144ccf1df_6.0.18362.1440_none_9e7dbfb9e45e8e67\COMCTL32.dll
0x00007ffe82e40000 - 0x00007ffe83176000 	C:\Windows\System32\combase.dll
0x00007ffe80360000 - 0x00007ffe803e1000 	C:\Windows\System32\bcryptPrimitives.dll
0x00007ffe79090000 - 0x00007ffe7909a000 	C:\Windows\SYSTEM32\VERSION.dll
0x00007ffe82040000 - 0x00007ffe8206e000 	C:\Windows\System32\IMM32.DLL
0x00007ffe6cce0000 - 0x00007ffe6ccec000 	C:\Program Files\Java\jdk-15.0.1\bin\vcruntime140_1.dll
0x00007ffe61d00000 - 0x00007ffe61d91000 	C:\Program Files\Java\jdk-15.0.1\bin\msvcp140.dll
0x00007ffe344b0000 - 0x00007ffe3500e000 	C:\Program Files\Java\jdk-15.0.1\bin\server\jvm.dll
0x00007ffe812d0000 - 0x00007ffe812d8000 	C:\Windows\System32\PSAPI.DLL
0x00007ffe736f0000 - 0x00007ffe736f9000 	C:\Windows\SYSTEM32\WSOCK32.dll
0x00007ffe82110000 - 0x00007ffe8217f000 	C:\Windows\System32\WS2_32.dll
0x00007ffe7dee0000 - 0x00007ffe7df04000 	C:\Windows\SYSTEM32\WINMM.dll
0x00007ffe7deb0000 - 0x00007ffe7dedd000 	C:\Windows\SYSTEM32\WINMMBASE.dll
0x00007ffe81090000 - 0x00007ffe810da000 	C:\Windows\System32\cfgmgr32.dll
0x00007ffe800e0000 - 0x00007ffe800f1000 	C:\Windows\System32\kernel.appcore.dll
0x00007ffe6cc70000 - 0x00007ffe6cc7a000 	C:\Program Files\Java\jdk-15.0.1\bin\jimage.dll
0x00007ffe7e920000 - 0x00007ffe7eb14000 	C:\Windows\SYSTEM32\DBGHELP.DLL
0x00007ffe6f780000 - 0x00007ffe6f7aa000 	C:\Windows\SYSTEM32\dbgcore.DLL
0x00007ffe6c860000 - 0x00007ffe6c885000 	C:\Program Files\Java\jdk-15.0.1\bin\java.dll

dbghelp: loaded successfully - version: 4.0.5 - missing functions: none
symbol engine: initialized successfully - sym options: 0x614 - pdb path: .;C:\Program Files\Java\jdk-15.0.1\bin;C:\Windows\SYSTEM32;C:\Windows\WinSxS\amd64_microsoft.windows.common-controls_6595b64144ccf1df_6.0.18362.1440_none_9e7dbfb9e45e8e67;C:\Program Files\Java\jdk-15.0.1\bin\server

VM Arguments:
jvm_args: -Dfile.encoding=UTF-8 -XX:+ShowCodeDetailsInExceptionMessages 
java_command: fr.clelia.jade2.Jade2Application
java_class_path (initial): C:\Users\---\eclipse-workspace\jade2\target\classes;C:\Users\---\.m2\repository\org\springframework\boot\spring-boot-starter-data-jpa\2.4.4\spring-boot-starter-data-jpa-2.4.4.jar;C:\Users\---\.m2\repository\org\springframework\boot\spring-boot-starter-aop\2.4.4\spring-boot-starter-aop-2.4.4.jar;C:\Users\---\.m2\repository\org\springframework\spring-aop\5.3.5\spring-aop-5.3.5.jar;C:\Users\---\.m2\repository\org\aspectj\aspectjweaver\1.9.6\aspectjweaver-1.9.6.jar;C:\Users\---\.m2\repository\org\springframework\boot\spring-boot-starter-jdbc\2.4.4\spring-boot-starter-jdbc-2.4.4.jar;C:\Users\---\.m2\repository\com\zaxxer\HikariCP\3.4.5\HikariCP-3.4.5.jar;C:\Users\---\.m2\repository\jakarta\transaction\jakarta.transaction-api\1.3.3\jakarta.transaction-api-1.3.3.jar;C:\Users\---\.m2\repository\jakarta\persistence\jakarta.persistence-api\2.2.3\jakarta.persistence-api-2.2.3.jar;C:\Users\---\.m2\repository\org\hibernate\hibernate-core\5.4.29.Final\hibernate-core-5.4.29.Final.jar;C:\Users\---\.m2\repository\org\javassist\javassist\3.27.0-GA\javassist-3.27.0-GA.jar;C:\Users\---\.m2\repository\antlr\antlr\2.7.7\antlr-2.7.7.jar;C:\Users\---\.m2\repository\org\springframework\data\spring-data-jpa\2.4.6\spring-data-jpa-2.4.6.jar;C:\Users\---\.m2\repository\org\springframework\data\spring-data-commons\2.4.6\spring-data-commons-2.4.6.jar;C:\Users\---\.m2\repository\org\springframework\spring-orm\5.3.5\spring-orm-5.3.5.jar;C:\Users\---\.m2\repository\org\springframework\spring-context\5.3.5\spring-context-5.3.5.jar;C:\Users\---\.m2\repository\org\slf4j\slf4j-api\1.7.30\slf4j-api-1.7.30.jar;C:\Users\---\.m2\repository\org\springframework\spring-aspects\5.3.5\spring-aspects-5.3.5.jar;C:\Users\---\.m2\repository\org\springframework\boot\spring-boot-starter-validation\2.4.4\spring-boot-starter-validation-2.4.4.jar;C:\Users\---\.m2\repository\org\springframework\boot\spring-boot-starter\2.4.4\spring-boot-starter-2.4.4.jar;C:\Users\---\.m2\repository\org\springf
Launcher Type: SUN_STANDARD

[Global flags]
     intx CICompilerCount                          = 2                                         {product} {ergonomic}
     uint ConcGCThreads                            = 1                                         {product} {ergonomic}
     uint G1ConcRefinementThreads                  = 2                                         {product} {ergonomic}
   size_t G1HeapRegionSize                         = 2097152                                   {product} {ergonomic}
    uintx GCDrainStackTargetSize                   = 64                                        {product} {ergonomic}
   size_t InitialHeapSize                          = 268435456                                 {product} {ergonomic}
   size_t MarkStackSize                            = 4194304                                   {product} {ergonomic}
   size_t MaxHeapSize                              = 4290772992                                {product} {ergonomic}
   size_t MinHeapDeltaBytes                        = 2097152                                   {product} {ergonomic}
   size_t MinHeapSize                              = 8388608                                   {product} {ergonomic}
    uintx NonNMethodCodeHeapSize                   = 5826188                                {pd product} {ergonomic}
    uintx NonProfiledCodeHeapSize                  = 122916026                              {pd product} {ergonomic}
    uintx ProfiledCodeHeapSize                     = 122916026                              {pd product} {ergonomic}
    uintx ReservedCodeCacheSize                    = 251658240                              {pd product} {ergonomic}
     bool SegmentedCodeCache                       = true                                      {product} {ergonomic}
     bool ShowCodeDetailsInExceptionMessages       = true                                   {manageable} {command line}
   size_t SoftMaxHeapSize                          = 4290772992                             {manageable} {ergonomic}
     bool UseCompressedClassPointers               = true                                 {lp64_product} {ergonomic}
     bool UseCompressedOops                        = true                                 {lp64_product} {ergonomic}
     bool UseG1GC                                  = true                                      {product} {ergonomic}
     bool UseLargePagesIndividualAllocation        = false                                  {pd product} {ergonomic}

Logging:
Log output configuration:
 #0: stdout all=warning uptime,level,tags
 #1: stderr all=off uptime,level,tags

Environment Variables:
JAVA_HOME=C:\Program Files\AdoptOpenJDK\jdk-11.0.9.11-hotspot\
PATH=C:\Program Files\Common Files\Oracle\Java\javapath;C:\Program Files (x86)\Common Files\Oracle\Java\javapath;C:\Python38\Scripts\;C:\Python38\;C:\Windows\system32;C:\Windows;C:\Windows\System32\Wbem;C:\Windows\System32\WindowsPowerShell\v1.0\;C:\Windows\System32\OpenSSH\;C:\Developpement\Compilateur\Mingw\mingw32\bin;C:\windows\system32\chcp.com;C:\Program Files\nodejs\;C:\ProgramData\chocolatey\bin;C:\Users\--\AppData\Roaming\npm;C:\Users\---\AppData\Local\Programs\Git\bin;C:\composer;C:\Developpement\wamp64\bin\php\php7.4.9;C:\Program Files\Symfony;C:\Program Files\Git\cmd;C:\Program Files\Java\jdk-15.0.1\bin;C:\Developpement\PHPloy-4.2;C:\Developpement\Maven\apache-maven-3.6.3\bin;M3_HOME\bin;C:\Program Files\Git\usr\bin;C:\Users\---\AppData\Local\Microsoft\WindowsApps;C:\Users\---\AppData\Local\Programs\Microsoft VS Code\bin;C:\Users\---\AppData\Roaming\npm;C:\Users\---\AppData\Local\GitHubDesktop\bin
USERNAME=---
OS=Windows_NT
PROCESSOR_IDENTIFIER=Intel64 Family 6 Model 42 Stepping 7, GenuineIntel



---------------  S Y S T E M  ---------------

OS:
 Windows 10 , 64 bit Build 18362 (10.0.18362.1350)
OS uptime: 2 days 22:55 hours

CPU: total 2 (initial active 2) (2 cores per cpu, 1 threads per core) family 6 model 42 stepping 7 microcode 0x2f, cmov, cx8, fxsr, mmx, sse, sse2, sse3, ssse3, sse4.1, sse4.2, popcnt, clmul, tsc, tscinvbit, clflush

Memory: 4k page, system-wide physical 16366M (4095M free)
TotalPageFile size 30602M (AvailPageFile size 126M)
current process WorkingSet (physical memory assigned to process): 10M, peak: 10M
current process commit charge ("private bytes"): 48M, peak: 303M

vm_info: Java HotSpot(TM) 64-Bit Server VM (15.0.1+9-18) for windows-amd64 JRE (15.0.1+9-18), built on Sep 15 2020 14:43:54 by "mach5one" with unknown MS VC++:1925

END.
